[04:31:59] [main/INFO]: Loading Minecraft 1.21.8 with Fabric Loader 0.16.14
[04:31:59] [main/INFO]: Loading 4 mods:
	- fabricloader 0.16.14
	   \-- mixinextras 0.4.1
	- java 21
	- minecraft 1.21.8
[04:32:00] [main/INFO]: SpongePowered MIXIN Subsystem Version=0.8.7 Source=file:/workspaces/servidor-de-minecraft/servidor_minecraft/libraries/net/fabricmc/sponge-mixin/0.15.5+mixin.0.8.7/sponge-mixin-0.15.5+mixin.0.8.7.jar Service=Knot/Fabric Env=SERVER
[04:32:05] [main/INFO]: Environment: Environment[sessionHost=https://sessionserver.mojang.com, servicesHost=https://api.minecraftservices.com, name=PROD]
[04:32:06] [main/INFO]: No existing world data, creating new world
[04:32:07] [main/INFO]: Loaded 1407 recipes
[04:32:07] [main/INFO]: Loaded 1520 advancements
[04:32:07] [Server thread/INFO]: Starting minecraft server version 1.21.8
[04:32:07] [Server thread/INFO]: Loading properties
[04:32:07] [Server thread/INFO]: Default game type: SURVIVAL
[04:32:07] [Server thread/INFO]: Generating keypair
[04:32:07] [Server thread/INFO]: Starting Minecraft server on *:25565
[04:32:07] [Server thread/INFO]: Using epoll channel type
[04:32:07] [Server thread/WARN]: **** SERVER IS RUNNING IN OFFLINE/INSECURE MODE!
[04:32:07] [Server thread/WARN]: The server will make no attempt to authenticate usernames. Beware.
[04:32:07] [Server thread/WARN]: While this makes the game possible to play without internet access, it also opens up the ability for hackers to connect with any username they choose.
[04:32:07] [Server thread/WARN]: To change this, set "online-mode" to "true" in the server.properties file.
[04:32:07] [Server thread/INFO]: Preparing level "world"
[04:32:14] [Server thread/INFO]: Preparing start region for dimension minecraft:overworld
[04:32:14] [Worker-Main-3/INFO]: Preparing spawn area: 2%
[04:32:15] [Worker-Main-3/INFO]: Preparing spawn area: 2%
[04:32:15] [Worker-Main-2/INFO]: Preparing spawn area: 2%
[04:32:16] [Worker-Main-2/INFO]: Preparing spawn area: 2%
[04:32:16] [Worker-Main-2/INFO]: Preparing spawn area: 18%
[04:32:17] [Worker-Main-2/INFO]: Preparing spawn area: 18%
[04:32:17] [Worker-Main-2/INFO]: Preparing spawn area: 18%
[04:32:18] [Worker-Main-3/INFO]: Preparing spawn area: 18%
[04:32:18] [Worker-Main-1/INFO]: Preparing spawn area: 18%
[04:32:19] [Worker-Main-3/INFO]: Preparing spawn area: 51%
[04:32:19] [Worker-Main-1/INFO]: Preparing spawn area: 51%
[04:32:20] [Worker-Main-3/INFO]: Preparing spawn area: 51%
[04:32:20] [Worker-Main-3/INFO]: Preparing spawn area: 51%
[04:32:21] [Server thread/INFO]: Time elapsed: 6433 ms
[04:32:21] [Server thread/INFO]: Done (13.578s)! For help, type "help"
[04:33:21] [Server thread/INFO]: Server empty for 60 seconds, pausing
